<!doctype html>
<html><head>
<style>body { background-color: #2d0922; color: #fff; } .-Color-Bold { font-weight: bold; }
.-Color-BoldCyan{ color: #06989a; font-weight: bold; }
.-Color-Cyan{ color: #06989a; }
.-Color-BoldGreen{ color: #4e9a06; font-weight: bold; }
.-Color-Green{ color: #4e9a06; }
.-Color-BoldRed{ color: #c00; font-weight: bold; }
.-Color-Red{ color: #c00; }
.-Color-BoldYellow{ color: #c4a000; font-weight: bold; }
.-Color-Yellow{ color: #c4a000; }
</style>
</head><body><div class="highlight"><pre><span class=" -Color -Color-Bold">============================= test session starts ==============================</span>
platform linux -- Python 3.6.3, pytest-4.3.0, py-1.8.0, pluggy-0.9.0 -- /home/travis/build/asottile/pygments-pytest/.tox/push/bin/python
cachedir: .pytest_cache
rootdir: /tmp/pytest-of-travis/pytest-0/test_deprecated_raises_exec_failure1, inifile:
<span class=" -Color -Color-Bold">collecting ...</span> collected 1 item

f.py::test <span class=" -Color -Color-Red">FAILED</span>                                                        <span class=" -Color -Color-Cyan">[100%]</span>

=================================== FAILURES ===================================
<span class=" -Color -Color-BoldRed">_____________________________________ test _____________________________________</span>

    <span class=" -Color -Color-Bold">def test():</span>
<span class=" -Color -Color-Bold">&gt;       pytest.raises(ValueError, &quot;int(None)&quot;)</span>

<span class=" -Color -Color-BoldRed">f.py</span>:3: 
_ _ _ _ _ _ _ _ _ _ _ _ _ _ _ _ _ _ _ _ _ _ _ _ _ _ _ _ _ _ _ _ _ _ _ _ _ _ _ _ 

<span class=" -Color -Color-Bold">&gt;   int(None)</span>
<span class=" -Color -Color-BoldRed">E   TypeError: int() argument must be a string, a bytes-like object or a number, not &#39;NoneType&#39;</span>

<span class=" -Color -Color-BoldRed">&lt;1-codegen /tmp/pytest-of-travis/pytest-0/test_deprecated_raises_exec_failure1/f.py:3&gt;</span>:1: TypeError
<span class=" -Color -Color-Yellow">=============================== warnings summary ===============================</span>
f.py::test
  /tmp/pytest-of-travis/pytest-0/test_deprecated_raises_exec_failure1/f.py:3: PytestDeprecationWarning: raises(..., &#39;code(as_a_string)&#39;) is deprecated, use the context manager form or use `exec()` directly
  
  See https://docs.pytest.org/en/latest/deprecations.html#raises-warns-exec
    pytest.raises(ValueError, &quot;int(None)&quot;)

-- Docs: https://docs.pytest.org/en/latest/warnings.html
<span class=" -Color -Color-BoldRed">===================== 1 failed, 1 warnings in 0.02 seconds =====================</span></pre>
</div>
</body></html>
